-------------------------------------------------------------------------------
Test set: it.example.department.DepartmentServiceApplicationTests
-------------------------------------------------------------------------------
Tests run: 1, Failures: 0, Errors: 1, Skipped: 0, Time elapsed: 3.205 s <<< FAILURE! - in it.example.department.DepartmentServiceApplicationTests
contextLoads  Time elapsed: 0.008 s  <<< ERROR!
java.lang.IllegalStateException: Failed to load ApplicationContext
Caused by: org.springframework.beans.factory.UnsatisfiedDependencyException: Error creating bean with name 'departmentController': Unsatisfied dependency expressed through field 'departmentService'; nested exception is org.springframework.beans.factory.UnsatisfiedDependencyException: Error creating bean with name 'departmentService': Unsatisfied dependency expressed through field 'departmentRepository'; nested exception is org.springframework.beans.factory.BeanCreationException: Error creating bean with name 'departmentRepository' defined in it.example.department.repository.DepartmentRepository defined in @EnableJpaRepositories declared on JpaRepositoriesRegistrar.EnableJpaRepositoriesConfiguration: Invocation of init method failed; nested exception is org.springframework.data.repository.query.QueryCreationException: Could not create query for public abstract it.example.department.entity.Department it.example.department.repository.DepartmentRepository.finByDepartmentId(java.lang.Long)! Reason: Failed to create query for method public abstract it.example.department.entity.Department it.example.department.repository.DepartmentRepository.finByDepartmentId(java.lang.Long)! No property 'finByDepartmentId' found for type 'Department'!; nested exception is java.lang.IllegalArgumentException: Failed to create query for method public abstract it.example.department.entity.Department it.example.department.repository.DepartmentRepository.finByDepartmentId(java.lang.Long)! No property 'finByDepartmentId' found for type 'Department'!
Caused by: org.springframework.beans.factory.UnsatisfiedDependencyException: Error creating bean with name 'departmentService': Unsatisfied dependency expressed through field 'departmentRepository'; nested exception is org.springframework.beans.factory.BeanCreationException: Error creating bean with name 'departmentRepository' defined in it.example.department.repository.DepartmentRepository defined in @EnableJpaRepositories declared on JpaRepositoriesRegistrar.EnableJpaRepositoriesConfiguration: Invocation of init method failed; nested exception is org.springframework.data.repository.query.QueryCreationException: Could not create query for public abstract it.example.department.entity.Department it.example.department.repository.DepartmentRepository.finByDepartmentId(java.lang.Long)! Reason: Failed to create query for method public abstract it.example.department.entity.Department it.example.department.repository.DepartmentRepository.finByDepartmentId(java.lang.Long)! No property 'finByDepartmentId' found for type 'Department'!; nested exception is java.lang.IllegalArgumentException: Failed to create query for method public abstract it.example.department.entity.Department it.example.department.repository.DepartmentRepository.finByDepartmentId(java.lang.Long)! No property 'finByDepartmentId' found for type 'Department'!
Caused by: org.springframework.beans.factory.BeanCreationException: Error creating bean with name 'departmentRepository' defined in it.example.department.repository.DepartmentRepository defined in @EnableJpaRepositories declared on JpaRepositoriesRegistrar.EnableJpaRepositoriesConfiguration: Invocation of init method failed; nested exception is org.springframework.data.repository.query.QueryCreationException: Could not create query for public abstract it.example.department.entity.Department it.example.department.repository.DepartmentRepository.finByDepartmentId(java.lang.Long)! Reason: Failed to create query for method public abstract it.example.department.entity.Department it.example.department.repository.DepartmentRepository.finByDepartmentId(java.lang.Long)! No property 'finByDepartmentId' found for type 'Department'!; nested exception is java.lang.IllegalArgumentException: Failed to create query for method public abstract it.example.department.entity.Department it.example.department.repository.DepartmentRepository.finByDepartmentId(java.lang.Long)! No property 'finByDepartmentId' found for type 'Department'!
Caused by: org.springframework.data.repository.query.QueryCreationException: Could not create query for public abstract it.example.department.entity.Department it.example.department.repository.DepartmentRepository.finByDepartmentId(java.lang.Long)! Reason: Failed to create query for method public abstract it.example.department.entity.Department it.example.department.repository.DepartmentRepository.finByDepartmentId(java.lang.Long)! No property 'finByDepartmentId' found for type 'Department'!; nested exception is java.lang.IllegalArgumentException: Failed to create query for method public abstract it.example.department.entity.Department it.example.department.repository.DepartmentRepository.finByDepartmentId(java.lang.Long)! No property 'finByDepartmentId' found for type 'Department'!
Caused by: java.lang.IllegalArgumentException: Failed to create query for method public abstract it.example.department.entity.Department it.example.department.repository.DepartmentRepository.finByDepartmentId(java.lang.Long)! No property 'finByDepartmentId' found for type 'Department'!
Caused by: org.springframework.data.mapping.PropertyReferenceException: No property 'finByDepartmentId' found for type 'Department'!

